mode: set
capstone/happyApp/features/community/delivery/handler.go:21.57,36.2 11 0
capstone/happyApp/features/community/delivery/handler.go:38.58,42.17 4 0
capstone/happyApp/features/community/delivery/handler.go:46.2,47.54 2 0
capstone/happyApp/features/community/delivery/handler.go:71.2,72.16 2 0
capstone/happyApp/features/community/delivery/handler.go:76.2,76.55 1 0
capstone/happyApp/features/community/delivery/handler.go:42.17,44.3 1 0
capstone/happyApp/features/community/delivery/handler.go:47.54,49.18 2 0
capstone/happyApp/features/community/delivery/handler.go:53.3,53.52 1 0
capstone/happyApp/features/community/delivery/handler.go:49.18,51.4 1 0
capstone/happyApp/features/community/delivery/handler.go:53.52,55.23 2 0
capstone/happyApp/features/community/delivery/handler.go:59.4,63.24 4 0
capstone/happyApp/features/community/delivery/handler.go:66.4,66.30 1 0
capstone/happyApp/features/community/delivery/handler.go:55.23,57.5 1 0
capstone/happyApp/features/community/delivery/handler.go:63.24,65.5 1 0
capstone/happyApp/features/community/delivery/handler.go:68.8,70.3 1 0
capstone/happyApp/features/community/delivery/handler.go:72.16,74.3 1 0
capstone/happyApp/features/community/delivery/handler.go:79.59,81.17 2 1
capstone/happyApp/features/community/delivery/handler.go:91.2,92.16 2 1
capstone/happyApp/features/community/delivery/handler.go:96.2,96.85 1 1
capstone/happyApp/features/community/delivery/handler.go:81.17,83.17 2 1
capstone/happyApp/features/community/delivery/handler.go:88.3,88.86 1 1
capstone/happyApp/features/community/delivery/handler.go:83.17,85.4 1 1
capstone/happyApp/features/community/delivery/handler.go:85.9,85.32 1 1
capstone/happyApp/features/community/delivery/handler.go:85.32,87.4 1 1
capstone/happyApp/features/community/delivery/handler.go:92.16,94.3 1 1
capstone/happyApp/features/community/delivery/handler.go:99.66,101.16 2 1
capstone/happyApp/features/community/delivery/handler.go:104.2,105.17 2 1
capstone/happyApp/features/community/delivery/handler.go:109.2,109.68 1 1
capstone/happyApp/features/community/delivery/handler.go:101.16,103.3 1 1
capstone/happyApp/features/community/delivery/handler.go:105.17,107.3 1 1
capstone/happyApp/features/community/delivery/handler.go:112.62,115.16 3 1
capstone/happyApp/features/community/delivery/handler.go:119.2,120.17 2 1
capstone/happyApp/features/community/delivery/handler.go:124.2,124.55 1 1
capstone/happyApp/features/community/delivery/handler.go:115.16,117.3 1 1
capstone/happyApp/features/community/delivery/handler.go:120.17,122.3 1 1
capstone/happyApp/features/community/delivery/handler.go:127.61,130.16 3 0
capstone/happyApp/features/community/delivery/handler.go:134.2,136.17 3 0
capstone/happyApp/features/community/delivery/handler.go:140.2,141.54 2 0
capstone/happyApp/features/community/delivery/handler.go:164.2,165.16 2 0
capstone/happyApp/features/community/delivery/handler.go:169.2,169.55 1 0
capstone/happyApp/features/community/delivery/handler.go:130.16,132.3 1 0
capstone/happyApp/features/community/delivery/handler.go:136.17,138.3 1 0
capstone/happyApp/features/community/delivery/handler.go:141.54,143.18 2 0
capstone/happyApp/features/community/delivery/handler.go:147.3,147.52 1 0
capstone/happyApp/features/community/delivery/handler.go:143.18,145.4 1 0
capstone/happyApp/features/community/delivery/handler.go:147.52,149.23 2 0
capstone/happyApp/features/community/delivery/handler.go:153.4,157.24 4 0
capstone/happyApp/features/community/delivery/handler.go:160.4,160.30 1 0
capstone/happyApp/features/community/delivery/handler.go:149.23,151.5 1 0
capstone/happyApp/features/community/delivery/handler.go:157.24,159.5 1 0
capstone/happyApp/features/community/delivery/handler.go:165.16,167.3 1 0
capstone/happyApp/features/community/delivery/handler.go:172.59,175.16 3 1
capstone/happyApp/features/community/delivery/handler.go:178.2,179.15 2 1
capstone/happyApp/features/community/delivery/handler.go:183.2,183.55 1 1
capstone/happyApp/features/community/delivery/handler.go:175.16,177.3 1 1
capstone/happyApp/features/community/delivery/handler.go:179.15,181.3 1 1
capstone/happyApp/features/community/delivery/handler.go:186.64,189.16 3 1
capstone/happyApp/features/community/delivery/handler.go:192.2,193.17 2 1
capstone/happyApp/features/community/delivery/handler.go:198.2,198.92 1 1
capstone/happyApp/features/community/delivery/handler.go:189.16,191.3 1 1
capstone/happyApp/features/community/delivery/handler.go:193.17,196.3 1 1
capstone/happyApp/features/community/delivery/handler.go:201.53,204.16 3 1
capstone/happyApp/features/community/delivery/handler.go:208.2,210.17 3 1
capstone/happyApp/features/community/delivery/handler.go:214.2,215.17 2 1
capstone/happyApp/features/community/delivery/handler.go:219.2,219.55 1 1
capstone/happyApp/features/community/delivery/handler.go:204.16,206.3 1 1
capstone/happyApp/features/community/delivery/handler.go:210.17,212.3 1 0
capstone/happyApp/features/community/delivery/handler.go:215.17,217.3 1 1
capstone/happyApp/features/community/delivery/handler.go:222.59,224.16 2 0
capstone/happyApp/features/community/delivery/handler.go:227.2,228.16 2 0
capstone/happyApp/features/community/delivery/handler.go:232.2,232.90 1 0
capstone/happyApp/features/community/delivery/handler.go:224.16,226.3 1 0
capstone/happyApp/features/community/delivery/handler.go:228.16,230.3 1 0
capstone/happyApp/features/community/delivery/handler.go:235.56,238.16 3 0
capstone/happyApp/features/community/delivery/handler.go:241.2,243.17 3 0
capstone/happyApp/features/community/delivery/handler.go:247.2,248.17 2 0
capstone/happyApp/features/community/delivery/handler.go:252.2,252.55 1 0
capstone/happyApp/features/community/delivery/handler.go:238.16,240.3 1 0
capstone/happyApp/features/community/delivery/handler.go:243.17,245.3 1 0
capstone/happyApp/features/community/delivery/handler.go:248.17,250.3 1 0
capstone/happyApp/features/community/delivery/request.go:19.54,25.2 1 0
capstone/happyApp/features/community/delivery/request.go:27.75,34.2 1 0
capstone/happyApp/features/community/delivery/request.go:36.76,42.2 1 1
capstone/happyApp/features/community/delivery/request.go:44.79,50.2 1 0
capstone/happyApp/features/community/delivery/response.go:57.55,65.2 1 1
capstone/happyApp/features/community/delivery/response.go:67.63,69.25 2 1
capstone/happyApp/features/community/delivery/response.go:73.2,73.13 1 1
capstone/happyApp/features/community/delivery/response.go:69.25,71.3 1 1
capstone/happyApp/features/community/delivery/response.go:76.59,83.2 1 0
capstone/happyApp/features/community/delivery/response.go:85.67,87.25 2 0
capstone/happyApp/features/community/delivery/response.go:91.2,91.13 1 0
capstone/happyApp/features/community/delivery/response.go:87.25,89.3 1 0
capstone/happyApp/features/community/delivery/response.go:94.69,104.2 1 0
capstone/happyApp/features/community/delivery/response.go:106.41,111.2 4 0
capstone/happyApp/features/community/delivery/response.go:113.68,119.2 1 0
capstone/happyApp/features/community/delivery/response.go:121.76,123.25 2 0
capstone/happyApp/features/community/delivery/response.go:127.2,127.13 1 0
capstone/happyApp/features/community/delivery/response.go:123.25,125.3 1 0
capstone/happyApp/features/community/delivery/response.go:130.68,138.2 1 0
capstone/happyApp/features/community/delivery/response.go:140.77,147.2 1 0
capstone/happyApp/features/community/delivery/response.go:149.85,151.25 2 1
capstone/happyApp/features/community/delivery/response.go:155.2,155.13 1 1
capstone/happyApp/features/community/delivery/response.go:151.25,153.3 1 0
capstone/happyApp/features/community/delivery/response.go:158.87,168.2 1 1
