mode: set
capstone/happyApp/features/event/delivery/handler.go:21.53,32.2 6 1
capstone/happyApp/features/event/delivery/handler.go:34.73,38.16 3 1
capstone/happyApp/features/event/delivery/handler.go:42.2,44.20 3 1
capstone/happyApp/features/event/delivery/handler.go:48.2,52.15 4 1
capstone/happyApp/features/event/delivery/handler.go:60.2,60.74 1 1
capstone/happyApp/features/event/delivery/handler.go:38.16,40.3 1 1
capstone/happyApp/features/event/delivery/handler.go:44.20,46.3 1 1
capstone/happyApp/features/event/delivery/handler.go:52.15,54.3 1 1
capstone/happyApp/features/event/delivery/handler.go:54.8,54.22 1 1
capstone/happyApp/features/event/delivery/handler.go:54.22,56.3 1 1
capstone/happyApp/features/event/delivery/handler.go:56.8,56.22 1 1
capstone/happyApp/features/event/delivery/handler.go:56.22,58.3 1 1
capstone/happyApp/features/event/delivery/handler.go:64.67,69.16 3 1
capstone/happyApp/features/event/delivery/handler.go:73.2,76.4 1 1
capstone/happyApp/features/event/delivery/handler.go:69.16,71.3 1 1
capstone/happyApp/features/event/delivery/handler.go:79.76,83.16 3 1
capstone/happyApp/features/event/delivery/handler.go:86.2,89.19 3 1
capstone/happyApp/features/event/delivery/handler.go:95.2,95.49 1 1
capstone/happyApp/features/event/delivery/handler.go:83.16,85.3 1 1
capstone/happyApp/features/event/delivery/handler.go:89.19,91.3 1 1
capstone/happyApp/features/event/delivery/handler.go:91.8,91.36 1 1
capstone/happyApp/features/event/delivery/handler.go:91.36,93.3 1 1
capstone/happyApp/features/event/delivery/handler.go:98.73,102.16 3 1
capstone/happyApp/features/event/delivery/handler.go:106.2,109.19 3 1
capstone/happyApp/features/event/delivery/handler.go:115.2,115.48 1 1
capstone/happyApp/features/event/delivery/handler.go:102.16,104.3 1 1
capstone/happyApp/features/event/delivery/handler.go:109.19,111.3 1 1
capstone/happyApp/features/event/delivery/handler.go:111.8,111.37 1 1
capstone/happyApp/features/event/delivery/handler.go:111.37,113.3 1 1
capstone/happyApp/features/event/delivery/handler.go:119.77,128.20 6 1
capstone/happyApp/features/event/delivery/handler.go:132.2,134.16 3 1
capstone/happyApp/features/event/delivery/handler.go:138.2,139.18 2 1
capstone/happyApp/features/event/delivery/handler.go:143.2,148.22 5 1
capstone/happyApp/features/event/delivery/handler.go:152.2,153.22 2 1
capstone/happyApp/features/event/delivery/handler.go:157.2,157.149 1 1
capstone/happyApp/features/event/delivery/handler.go:128.20,130.3 1 1
capstone/happyApp/features/event/delivery/handler.go:134.16,136.3 1 1
capstone/happyApp/features/event/delivery/handler.go:139.18,141.3 1 1
capstone/happyApp/features/event/delivery/handler.go:148.22,150.3 1 1
capstone/happyApp/features/event/delivery/handler.go:153.22,155.3 1 1
capstone/happyApp/features/event/delivery/request.go:28.50,42.2 4 1
capstone/happyApp/features/event/delivery/request.go:44.64,53.38 2 1
capstone/happyApp/features/event/delivery/request.go:73.2,73.25 1 1
capstone/happyApp/features/event/delivery/request.go:53.38,56.3 1 0
capstone/happyApp/features/event/delivery/request.go:56.8,56.59 1 1
capstone/happyApp/features/event/delivery/request.go:56.59,62.3 2 1
capstone/happyApp/features/event/delivery/request.go:62.8,62.63 1 1
capstone/happyApp/features/event/delivery/request.go:62.63,69.3 2 0
capstone/happyApp/features/event/delivery/request.go:69.8,71.3 1 1
capstone/happyApp/features/event/delivery/request.go:76.38,78.21 1 1
capstone/happyApp/features/event/delivery/request.go:86.2,86.11 1 1
capstone/happyApp/features/event/delivery/request.go:78.21,80.3 1 0
capstone/happyApp/features/event/delivery/request.go:80.8,80.42 1 1
capstone/happyApp/features/event/delivery/request.go:80.42,82.3 1 1
capstone/happyApp/features/event/delivery/request.go:82.8,82.46 1 1
capstone/happyApp/features/event/delivery/request.go:82.46,84.3 1 0
capstone/happyApp/features/event/delivery/response.go:63.94,66.32 2 1
capstone/happyApp/features/event/delivery/response.go:76.2,76.34 1 1
capstone/happyApp/features/event/delivery/response.go:83.2,95.3 1 1
capstone/happyApp/features/event/delivery/response.go:66.32,67.40 1 0
capstone/happyApp/features/event/delivery/response.go:67.40,73.4 1 0
capstone/happyApp/features/event/delivery/response.go:76.34,81.3 1 0
capstone/happyApp/features/event/delivery/response.go:98.65,101.25 2 1
capstone/happyApp/features/event/delivery/response.go:113.2,113.19 1 1
capstone/happyApp/features/event/delivery/response.go:101.25,111.3 1 1
capstone/happyApp/features/event/delivery/response.go:116.82,126.2 1 1
capstone/happyApp/features/event/delivery/response.go:128.71,142.2 1 1
capstone/happyApp/features/cart/usecase/logic.go:20.57,24.2 1 1
capstone/happyApp/features/cart/usecase/logic.go:26.74,28.16 2 1
capstone/happyApp/features/cart/usecase/logic.go:32.2,33.16 2 1
capstone/happyApp/features/cart/usecase/logic.go:39.2,40.17 2 1
capstone/happyApp/features/cart/usecase/logic.go:28.16,30.3 1 1
capstone/happyApp/features/cart/usecase/logic.go:33.16,35.3 1 1
capstone/happyApp/features/cart/usecase/logic.go:35.8,35.24 1 1
capstone/happyApp/features/cart/usecase/logic.go:35.24,37.3 1 1
capstone/happyApp/features/cart/usecase/logic.go:43.115,45.16 2 1
capstone/happyApp/features/cart/usecase/logic.go:49.2,50.42 2 1
capstone/happyApp/features/cart/usecase/logic.go:45.16,47.3 1 1
capstone/happyApp/features/cart/usecase/logic.go:53.76,56.2 2 1
capstone/happyApp/features/cart/usecase/logic.go:58.96,61.17 2 1
capstone/happyApp/features/cart/usecase/logic.go:65.2,66.17 2 1
capstone/happyApp/features/cart/usecase/logic.go:70.2,71.16 2 1
capstone/happyApp/features/cart/usecase/logic.go:76.2,77.17 2 1
capstone/happyApp/features/cart/usecase/logic.go:82.2,84.35 2 1
capstone/happyApp/features/cart/usecase/logic.go:61.17,63.3 1 1
capstone/happyApp/features/cart/usecase/logic.go:66.17,68.3 1 1
capstone/happyApp/features/cart/usecase/logic.go:71.16,73.3 1 1
capstone/happyApp/features/cart/usecase/logic.go:77.17,79.3 1 1
capstone/happyApp/features/cart/usecase/logic.go:87.113,91.9 3 1
capstone/happyApp/features/cart/usecase/logic.go:124.2,124.55 1 1
capstone/happyApp/features/cart/usecase/logic.go:92.26,98.4 1 1
capstone/happyApp/features/cart/usecase/logic.go:99.40,108.4 1 1
capstone/happyApp/features/cart/usecase/logic.go:109.44,119.4 1 1
capstone/happyApp/features/cart/usecase/logic.go:120.10,121.75 1 1
capstone/happyApp/features/cart/usecase/logic.go:127.114,129.9 2 1
capstone/happyApp/features/cart/usecase/logic.go:141.2,141.43 1 1
capstone/happyApp/features/cart/usecase/logic.go:130.45,131.40 1 1
capstone/happyApp/features/cart/usecase/logic.go:132.49,133.44 1 1
capstone/happyApp/features/cart/usecase/logic.go:134.31,135.42 1 1
capstone/happyApp/features/cart/usecase/logic.go:136.10,138.73 2 1
capstone/happyApp/features/cart/usecase/logic.go:144.90,147.2 2 1
capstone/happyApp/features/cart/usecase/logic.go:149.134,151.17 2 1
capstone/happyApp/features/cart/usecase/logic.go:157.2,158.17 2 1
capstone/happyApp/features/cart/usecase/logic.go:162.2,163.38 2 1
capstone/happyApp/features/cart/usecase/logic.go:151.17,153.3 1 1
capstone/happyApp/features/cart/usecase/logic.go:153.8,153.28 1 1
capstone/happyApp/features/cart/usecase/logic.go:153.28,155.3 1 1
capstone/happyApp/features/cart/usecase/logic.go:158.17,160.3 1 1
